{"C:\\Users\\user\\Desktop\\Portfolio Twins\\script.js": {"path":"C:\\Users\\user\\Desktop\\Portfolio Twins\\script.js","statementMap":{"0":{"start":{"line":3,"column":0},"end":{"line":173,"column":1}},"1":{"start":{"line":4,"column":16},"end":{"line":4,"column":51}},"2":{"start":{"line":5,"column":15},"end":{"line":5,"column":52}},"3":{"start":{"line":6,"column":15},"end":{"line":6,"column":55}},"4":{"start":{"line":8,"column":22},"end":{"line":8,"column":27}},"5":{"start":{"line":9,"column":18},"end":{"line":9,"column":23}},"6":{"start":{"line":10,"column":23},"end":{"line":10,"column":28}},"7":{"start":{"line":12,"column":24},"end":{"line":12,"column":90}},"8":{"start":{"line":13,"column":4},"end":{"line":13,"column":31}},"9":{"start":{"line":17,"column":4},"end":{"line":57,"column":7}},"10":{"start":{"line":19,"column":8},"end":{"line":19,"column":39}},"11":{"start":{"line":20,"column":8},"end":{"line":20,"column":40}},"12":{"start":{"line":23,"column":12},"end":{"line":23,"column":32}},"13":{"start":{"line":25,"column":12},"end":{"line":30,"column":21}},"14":{"start":{"line":26,"column":16},"end":{"line":26,"column":35}},"15":{"start":{"line":27,"column":16},"end":{"line":27,"column":47}},"16":{"start":{"line":28,"column":16},"end":{"line":28,"column":48}},"17":{"start":{"line":29,"column":16},"end":{"line":29,"column":36}},"18":{"start":{"line":33,"column":8},"end":{"line":56,"column":9}},"19":{"start":{"line":35,"column":12},"end":{"line":48,"column":13}},"20":{"start":{"line":36,"column":33},"end":{"line":36,"column":73}},"21":{"start":{"line":37,"column":16},"end":{"line":37,"column":40}},"22":{"start":{"line":39,"column":16},"end":{"line":39,"column":55}},"23":{"start":{"line":41,"column":16},"end":{"line":43,"column":18}},"24":{"start":{"line":42,"column":20},"end":{"line":42,"column":37}},"25":{"start":{"line":45,"column":16},"end":{"line":45,"column":31}},"26":{"start":{"line":47,"column":16},"end":{"line":47,"column":33}},"27":{"start":{"line":50,"column":12},"end":{"line":50,"column":31}},"28":{"start":{"line":53,"column":12},"end":{"line":53,"column":36}},"29":{"start":{"line":54,"column":12},"end":{"line":54,"column":31}},"30":{"start":{"line":55,"column":12},"end":{"line":55,"column":32}},"31":{"start":{"line":59,"column":4},"end":{"line":137,"column":6}},"32":{"start":{"line":60,"column":23},"end":{"line":60,"column":67}},"33":{"start":{"line":62,"column":8},"end":{"line":68,"column":9}},"34":{"start":{"line":63,"column":12},"end":{"line":64,"column":56}},"35":{"start":{"line":66,"column":29},"end":{"line":66,"column":80}},"36":{"start":{"line":67,"column":12},"end":{"line":67,"column":51}},"37":{"start":{"line":70,"column":8},"end":{"line":76,"column":9}},"38":{"start":{"line":71,"column":12},"end":{"line":72,"column":56}},"39":{"start":{"line":74,"column":29},"end":{"line":74,"column":87}},"40":{"start":{"line":75,"column":12},"end":{"line":75,"column":51}},"41":{"start":{"line":77,"column":8},"end":{"line":83,"column":9}},"42":{"start":{"line":78,"column":12},"end":{"line":79,"column":56}},"43":{"start":{"line":81,"column":29},"end":{"line":81,"column":90}},"44":{"start":{"line":82,"column":12},"end":{"line":82,"column":51}},"45":{"start":{"line":85,"column":8},"end":{"line":91,"column":9}},"46":{"start":{"line":86,"column":12},"end":{"line":87,"column":56}},"47":{"start":{"line":89,"column":29},"end":{"line":89,"column":85}},"48":{"start":{"line":90,"column":12},"end":{"line":90,"column":51}},"49":{"start":{"line":92,"column":8},"end":{"line":109,"column":9}},"50":{"start":{"line":94,"column":12},"end":{"line":108,"column":13}},"51":{"start":{"line":95,"column":16},"end":{"line":95,"column":62}},"52":{"start":{"line":97,"column":33},"end":{"line":99,"column":17}},"53":{"start":{"line":100,"column":16},"end":{"line":100,"column":55}},"54":{"start":{"line":102,"column":16},"end":{"line":102,"column":36}},"55":{"start":{"line":104,"column":33},"end":{"line":106,"column":17}},"56":{"start":{"line":107,"column":16},"end":{"line":107,"column":55}},"57":{"start":{"line":110,"column":8},"end":{"line":117,"column":9}},"58":{"start":{"line":111,"column":12},"end":{"line":111,"column":34}},"59":{"start":{"line":113,"column":29},"end":{"line":115,"column":17}},"60":{"start":{"line":116,"column":16},"end":{"line":116,"column":55}},"61":{"start":{"line":118,"column":8},"end":{"line":126,"column":9}},"62":{"start":{"line":119,"column":16},"end":{"line":119,"column":60}},"63":{"start":{"line":121,"column":33},"end":{"line":123,"column":17}},"64":{"start":{"line":124,"column":16},"end":{"line":124,"column":55}},"65":{"start":{"line":127,"column":8},"end":{"line":135,"column":9}},"66":{"start":{"line":128,"column":16},"end":{"line":128,"column":58}},"67":{"start":{"line":130,"column":33},"end":{"line":132,"column":17}},"68":{"start":{"line":133,"column":16},"end":{"line":133,"column":55}},"69":{"start":{"line":140,"column":15},"end":{"line":140,"column":56}},"70":{"start":{"line":142,"column":8},"end":{"line":142,"column":82}},"71":{"start":{"line":145,"column":4},"end":{"line":145,"column":38}},"72":{"start":{"line":148,"column":16},"end":{"line":148,"column":57}},"73":{"start":{"line":151,"column":8},"end":{"line":151,"column":72}},"74":{"start":{"line":154,"column":4},"end":{"line":154,"column":40}},"75":{"start":{"line":157,"column":16},"end":{"line":157,"column":57}},"76":{"start":{"line":160,"column":8},"end":{"line":160,"column":73}},"77":{"start":{"line":163,"column":4},"end":{"line":163,"column":40}},"78":{"start":{"line":166,"column":16},"end":{"line":166,"column":57}},"79":{"start":{"line":169,"column":8},"end":{"line":169,"column":76}},"80":{"start":{"line":172,"column":4},"end":{"line":172,"column":40}},"81":{"start":{"line":178,"column":2},"end":{"line":178,"column":39}},"82":{"start":{"line":178,"column":16},"end":{"line":178,"column":39}},"83":{"start":{"line":179,"column":2},"end":{"line":179,"column":33}}},"fnMap":{"0":{"name":"(anonymous_0)","decl":{"start":{"line":17,"column":34},"end":{"line":17,"column":35}},"loc":{"start":{"line":17,"column":40},"end":{"line":57,"column":5}},"line":17},"1":{"name":"startListening","decl":{"start":{"line":22,"column":17},"end":{"line":22,"column":31}},"loc":{"start":{"line":22,"column":34},"end":{"line":31,"column":9}},"line":22},"2":{"name":"(anonymous_2)","decl":{"start":{"line":25,"column":35},"end":{"line":25,"column":36}},"loc":{"start":{"line":25,"column":41},"end":{"line":30,"column":13}},"line":25},"3":{"name":"(anonymous_3)","decl":{"start":{"line":41,"column":33},"end":{"line":41,"column":34}},"loc":{"start":{"line":41,"column":39},"end":{"line":43,"column":17}},"line":41},"4":{"name":"(anonymous_4)","decl":{"start":{"line":59,"column":27},"end":{"line":59,"column":35}},"loc":{"start":{"line":59,"column":44},"end":{"line":137,"column":5}},"line":59},"5":{"name":"ka1","decl":{"start":{"line":141,"column":13},"end":{"line":141,"column":16}},"loc":{"start":{"line":141,"column":18},"end":{"line":143,"column":5}},"line":141},"6":{"name":"cle1","decl":{"start":{"line":150,"column":13},"end":{"line":150,"column":17}},"loc":{"start":{"line":150,"column":19},"end":{"line":152,"column":5}},"line":150},"7":{"name":"inf1","decl":{"start":{"line":159,"column":13},"end":{"line":159,"column":17}},"loc":{"start":{"line":159,"column":19},"end":{"line":161,"column":5}},"line":159},"8":{"name":"wea1","decl":{"start":{"line":168,"column":13},"end":{"line":168,"column":17}},"loc":{"start":{"line":168,"column":19},"end":{"line":170,"column":5}},"line":168},"9":{"name":"processCommand","decl":{"start":{"line":177,"column":9},"end":{"line":177,"column":23}},"loc":{"start":{"line":177,"column":33},"end":{"line":180,"column":1}},"line":177}},"branchMap":{"0":{"loc":{"start":{"line":3,"column":0},"end":{"line":173,"column":1}},"type":"if","locations":[{"start":{"line":3,"column":0},"end":{"line":173,"column":1}},{"start":{},"end":{}}],"line":3},"1":{"loc":{"start":{"line":3,"column":4},"end":{"line":3,"column":68}},"type":"binary-expr","locations":[{"start":{"line":3,"column":4},"end":{"line":3,"column":33}},{"start":{"line":3,"column":37},"end":{"line":3,"column":68}}],"line":3},"2":{"loc":{"start":{"line":12,"column":29},"end":{"line":12,"column":87}},"type":"binary-expr","locations":[{"start":{"line":12,"column":29},"end":{"line":12,"column":53}},{"start":{"line":12,"column":57},"end":{"line":12,"column":87}}],"line":12},"3":{"loc":{"start":{"line":33,"column":8},"end":{"line":56,"column":9}},"type":"if","locations":[{"start":{"line":33,"column":8},"end":{"line":56,"column":9}},{"start":{"line":52,"column":15},"end":{"line":56,"column":9}}],"line":33},"4":{"loc":{"start":{"line":35,"column":12},"end":{"line":48,"column":13}},"type":"if","locations":[{"start":{"line":35,"column":12},"end":{"line":48,"column":13}},{"start":{"line":46,"column":19},"end":{"line":48,"column":13}}],"line":35},"5":{"loc":{"start":{"line":62,"column":8},"end":{"line":68,"column":9}},"type":"if","locations":[{"start":{"line":62,"column":8},"end":{"line":68,"column":9}},{"start":{},"end":{}}],"line":62},"6":{"loc":{"start":{"line":70,"column":8},"end":{"line":76,"column":9}},"type":"if","locations":[{"start":{"line":70,"column":8},"end":{"line":76,"column":9}},{"start":{},"end":{}}],"line":70},"7":{"loc":{"start":{"line":77,"column":8},"end":{"line":83,"column":9}},"type":"if","locations":[{"start":{"line":77,"column":8},"end":{"line":83,"column":9}},{"start":{},"end":{}}],"line":77},"8":{"loc":{"start":{"line":85,"column":8},"end":{"line":91,"column":9}},"type":"if","locations":[{"start":{"line":85,"column":8},"end":{"line":91,"column":9}},{"start":{},"end":{}}],"line":85},"9":{"loc":{"start":{"line":92,"column":8},"end":{"line":109,"column":9}},"type":"if","locations":[{"start":{"line":92,"column":8},"end":{"line":109,"column":9}},{"start":{},"end":{}}],"line":92},"10":{"loc":{"start":{"line":92,"column":12},"end":{"line":92,"column":64}},"type":"binary-expr","locations":[{"start":{"line":92,"column":12},"end":{"line":92,"column":39}},{"start":{"line":92,"column":43},"end":{"line":92,"column":64}}],"line":92},"11":{"loc":{"start":{"line":94,"column":12},"end":{"line":108,"column":13}},"type":"if","locations":[{"start":{"line":94,"column":12},"end":{"line":108,"column":13}},{"start":{"line":103,"column":19},"end":{"line":108,"column":13}}],"line":94},"12":{"loc":{"start":{"line":110,"column":8},"end":{"line":117,"column":9}},"type":"if","locations":[{"start":{"line":110,"column":8},"end":{"line":117,"column":9}},{"start":{},"end":{}}],"line":110},"13":{"loc":{"start":{"line":110,"column":11},"end":{"line":110,"column":66}},"type":"binary-expr","locations":[{"start":{"line":110,"column":11},"end":{"line":110,"column":37}},{"start":{"line":110,"column":41},"end":{"line":110,"column":66}}],"line":110},"14":{"loc":{"start":{"line":118,"column":8},"end":{"line":126,"column":9}},"type":"if","locations":[{"start":{"line":118,"column":8},"end":{"line":126,"column":9}},{"start":{},"end":{}}],"line":118},"15":{"loc":{"start":{"line":118,"column":12},"end":{"line":118,"column":70}},"type":"binary-expr","locations":[{"start":{"line":118,"column":12},"end":{"line":118,"column":39}},{"start":{"line":118,"column":43},"end":{"line":118,"column":70}}],"line":118},"16":{"loc":{"start":{"line":127,"column":8},"end":{"line":135,"column":9}},"type":"if","locations":[{"start":{"line":127,"column":8},"end":{"line":135,"column":9}},{"start":{},"end":{}}],"line":127},"17":{"loc":{"start":{"line":127,"column":12},"end":{"line":127,"column":63}},"type":"binary-expr","locations":[{"start":{"line":127,"column":12},"end":{"line":127,"column":37}},{"start":{"line":127,"column":41},"end":{"line":127,"column":63}}],"line":127},"18":{"loc":{"start":{"line":178,"column":2},"end":{"line":178,"column":39}},"type":"if","locations":[{"start":{"line":178,"column":2},"end":{"line":178,"column":39}},{"start":{},"end":{}}],"line":178}},"s":{"0":1,"1":0,"2":0,"3":0,"4":0,"5":0,"6":0,"7":0,"8":0,"9":0,"10":0,"11":0,"12":0,"13":0,"14":0,"15":0,"16":0,"17":0,"18":0,"19":0,"20":0,"21":0,"22":0,"23":0,"24":0,"25":0,"26":0,"27":0,"28":0,"29":0,"30":0,"31":0,"32":0,"33":0,"34":0,"35":0,"36":0,"37":0,"38":0,"39":0,"40":0,"41":0,"42":0,"43":0,"44":0,"45":0,"46":0,"47":0,"48":0,"49":0,"50":0,"51":0,"52":0,"53":0,"54":0,"55":0,"56":0,"57":0,"58":0,"59":0,"60":0,"61":0,"62":0,"63":0,"64":0,"65":0,"66":0,"67":0,"68":0,"69":0,"70":0,"71":0,"72":0,"73":0,"74":0,"75":0,"76":0,"77":0,"78":0,"79":0,"80":0,"81":2,"82":1,"83":1},"f":{"0":0,"1":0,"2":0,"3":0,"4":0,"5":0,"6":0,"7":0,"8":0,"9":2},"b":{"0":[0,1],"1":[1,0],"2":[0,0],"3":[0,0],"4":[0,0],"5":[0,0],"6":[0,0],"7":[0,0],"8":[0,0],"9":[0,0],"10":[0,0],"11":[0,0],"12":[0,0],"13":[0,0],"14":[0,0],"15":[0,0],"16":[0,0],"17":[0,0],"18":[1,1]},"meta":{"lastBranch":19,"lastFunction":10,"lastStatement":84,"seen":{"b:3:0:173:1:undefined:undefined:undefined:undefined":0,"s:3:0:173:1":0,"b:3:4:3:33:3:37:3:68":1,"s:4:16:4:51":1,"s:5:15:5:52":2,"s:6:15:6:55":3,"s:8:22:8:27":4,"s:9:18:9:23":5,"s:10:23:10:28":6,"s:12:24:12:90":7,"b:12:29:12:53:12:57:12:87":2,"s:13:4:13:31":8,"s:17:4:57:7":9,"f:17:34:17:35":0,"s:19:8:19:39":10,"s:20:8:20:40":11,"f:22:17:22:31":1,"s:23:12:23:32":12,"s:25:12:30:21":13,"f:25:35:25:36":2,"s:26:16:26:35":14,"s:27:16:27:47":15,"s:28:16:28:48":16,"s:29:16:29:36":17,"b:33:8:56:9:52:15:56:9":3,"s:33:8:56:9":18,"b:35:12:48:13:46:19:48:13":4,"s:35:12:48:13":19,"s:36:33:36:73":20,"s:37:16:37:40":21,"s:39:16:39:55":22,"s:41:16:43:18":23,"f:41:33:41:34":3,"s:42:20:42:37":24,"s:45:16:45:31":25,"s:47:16:47:33":26,"s:50:12:50:31":27,"s:53:12:53:36":28,"s:54:12:54:31":29,"s:55:12:55:32":30,"s:59:4:137:6":31,"f:59:27:59:35":4,"s:60:23:60:67":32,"b:62:8:68:9:undefined:undefined:undefined:undefined":5,"s:62:8:68:9":33,"s:63:12:64:56":34,"s:66:29:66:80":35,"s:67:12:67:51":36,"b:70:8:76:9:undefined:undefined:undefined:undefined":6,"s:70:8:76:9":37,"s:71:12:72:56":38,"s:74:29:74:87":39,"s:75:12:75:51":40,"b:77:8:83:9:undefined:undefined:undefined:undefined":7,"s:77:8:83:9":41,"s:78:12:79:56":42,"s:81:29:81:90":43,"s:82:12:82:51":44,"b:85:8:91:9:undefined:undefined:undefined:undefined":8,"s:85:8:91:9":45,"s:86:12:87:56":46,"s:89:29:89:85":47,"s:90:12:90:51":48,"b:92:8:109:9:undefined:undefined:undefined:undefined":9,"s:92:8:109:9":49,"b:92:12:92:39:92:43:92:64":10,"b:94:12:108:13:103:19:108:13":11,"s:94:12:108:13":50,"s:95:16:95:62":51,"s:97:33:99:17":52,"s:100:16:100:55":53,"s:102:16:102:36":54,"s:104:33:106:17":55,"s:107:16:107:55":56,"b:110:8:117:9:undefined:undefined:undefined:undefined":12,"s:110:8:117:9":57,"b:110:11:110:37:110:41:110:66":13,"s:111:12:111:34":58,"s:113:29:115:17":59,"s:116:16:116:55":60,"b:118:8:126:9:undefined:undefined:undefined:undefined":14,"s:118:8:126:9":61,"b:118:12:118:39:118:43:118:70":15,"s:119:16:119:60":62,"s:121:33:123:17":63,"s:124:16:124:55":64,"b:127:8:135:9:undefined:undefined:undefined:undefined":16,"s:127:8:135:9":65,"b:127:12:127:37:127:41:127:63":17,"s:128:16:128:58":66,"s:130:33:132:17":67,"s:133:16:133:55":68,"s:140:15:140:56":69,"f:141:13:141:16":5,"s:142:8:142:82":70,"s:145:4:145:38":71,"s:148:16:148:57":72,"f:150:13:150:17":6,"s:151:8:151:72":73,"s:154:4:154:40":74,"s:157:16:157:57":75,"f:159:13:159:17":7,"s:160:8:160:73":76,"s:163:4:163:40":77,"s:166:16:166:57":78,"f:168:13:168:17":8,"s:169:8:169:76":79,"s:172:4:172:40":80,"f:177:9:177:23":9,"b:178:2:178:39:undefined:undefined:undefined:undefined":18,"s:178:2:178:39":81,"s:178:16:178:39":82,"s:179:2:179:33":83},"fnNames":{}}}
}
